<?xml version="1.0" encoding="UTF-8"?>
<!-- Generated by org.testng.reporters.JUnitXMLReporter -->
<testsuite hostname="DESKTOP-LKM5JTJ" ignored="3" name="Default test" tests="1" failures="0" timestamp="05 Sep 2020 14:38:22 GMT" time="20.674" errors="0">
  <testcase name="verifyLoginPageTitleTest" time="8.746" classname="com.qa.hubspot.test.LoginPageTest"/>
  <testcase name="invalidLoginTest" time="0.0" classname="com.qa.hubspot.test.LoginPageTest">
    <ignored/>
  </testcase> <!-- invalidLoginTest -->
  <testcase name="signUpLinkTest" time="0.0" classname="com.qa.hubspot.test.LoginPageTest">
    <ignored/>
  </testcase> <!-- signUpLinkTest -->
  <testcase name="loginTest" time="0.0" classname="com.qa.hubspot.test.LoginPageTest">
    <ignored/>
  </testcase> <!-- loginTest -->
</testsuite> <!-- Default test -->
