<?xml version="1.0" encoding="UTF-8"?>
<!-- Generated by org.testng.reporters.JUnitXMLReporter -->
<testsuite hostname="DESKTOP-LKM5JTJ" ignored="0" name="Test" tests="5" failures="0" timestamp="30 Aug 2020 11:56:16 GMT" time="39.704" errors="0">
  <testcase name="verifyLoginPageTitleTest" time="7.567" classname="com.qa.hubspot.test.LoginPageTest"/>
  <testcase name="verifyHomePageTitleTest" time="5.015" classname="com.qa.hubspot.test.HomePageTest"/>
  <testcase name="signUpLinkTest" time="0.047" classname="com.qa.hubspot.test.LoginPageTest"/>
  <testcase name="verifyHomePageHeaderTest" time="0.029" classname="com.qa.hubspot.test.HomePageTest"/>
  <testcase name="loginTest" time="3.988" classname="com.qa.hubspot.test.LoginPageTest"/>
</testsuite> <!-- Test -->
