<?xml version="1.0" encoding="UTF-8"?>
<!-- Generated by org.testng.reporters.JUnitXMLReporter -->
<testsuite hostname="DESKTOP-LKM5JTJ" ignored="1" name="Test" tests="5" failures="0" timestamp="15 Sep 2020 10:07:21 GMT" time="31.598" errors="0">
  <testcase name="verifyLoginPageTitleTest" time="6.083" classname="com.qa.hubspot.test.LoginPageTest"/>
  <testcase name="verifyHomePageTitleTest" time="0.008" classname="com.qa.hubspot.test.HomePageTest"/>
  <testcase name="signUpLinkTest" time="0.054" classname="com.qa.hubspot.test.LoginPageTest"/>
  <testcase name="verifyHomePageHeaderTest" time="0.027" classname="com.qa.hubspot.test.HomePageTest"/>
  <testcase name="loginTest" time="3.327" classname="com.qa.hubspot.test.LoginPageTest"/>
  <testcase name="invalidLoginTest" time="0.0" classname="com.qa.hubspot.test.LoginPageTest">
    <ignored/>
  </testcase> <!-- invalidLoginTest -->
</testsuite> <!-- Test -->
