<?xml version="1.0" encoding="UTF-8"?>
<!-- Generated by org.testng.reporters.JUnitXMLReporter -->
<testsuite hostname="DESKTOP-LKM5JTJ" ignored="1" name="Command line test" tests="5" failures="0" timestamp="02 Sep 2020 09:29:00 GMT" time="32.992" errors="0">
  <testcase name="verifyHomePageTitleTest" time="0.023" classname="com.qa.hubspot.test.HomePageTest"/>
  <testcase name="verifyLoginPageTitleTest" time="6.219" classname="com.qa.hubspot.test.LoginPageTest"/>
  <testcase name="verifyHomePageHeaderTest" time="0.025" classname="com.qa.hubspot.test.HomePageTest"/>
  <testcase name="signUpLinkTest" time="0.082" classname="com.qa.hubspot.test.LoginPageTest"/>
  <testcase name="loginTest" time="4.511" classname="com.qa.hubspot.test.LoginPageTest"/>
  <testcase name="invalidLoginTest" time="0.0" classname="com.qa.hubspot.test.LoginPageTest">
    <ignored/>
  </testcase> <!-- invalidLoginTest -->
</testsuite> <!-- Command line test -->
