<?xml version="1.0" encoding="UTF-8"?>
<testng-results skipped="0" failed="0" ignored="1" total="6" passed="5">
  <reporter-output>
  </reporter-output>
  <suite name="Command line suite" duration-ms="32992" started-at="2020-09-02T09:28:27Z" finished-at="2020-09-02T09:29:00Z">
    <groups>
    </groups>
    <test name="Command line test" duration-ms="32992" started-at="2020-09-02T09:28:27Z" finished-at="2020-09-02T09:29:00Z">
      <class name="com.qa.hubspot.test.LoginPageTest">
        <test-method status="PASS" signature="verifyLoginPageTitleTest()[pri:1, instance:com.qa.hubspot.test.LoginPageTest@3fb6a447]" name="verifyLoginPageTitleTest" duration-ms="6219" started-at="2020-09-02T09:28:48Z" finished-at="2020-09-02T09:28:54Z">
          <reporter-output>
          </reporter-output>
        </test-method> <!-- verifyLoginPageTitleTest -->
        <test-method status="PASS" signature="signUpLinkTest()[pri:2, instance:com.qa.hubspot.test.LoginPageTest@3fb6a447]" name="signUpLinkTest" duration-ms="82" started-at="2020-09-02T09:28:54Z" finished-at="2020-09-02T09:28:54Z">
          <reporter-output>
          </reporter-output>
        </test-method> <!-- signUpLinkTest -->
        <test-method status="PASS" signature="loginTest()[pri:4, instance:com.qa.hubspot.test.LoginPageTest@3fb6a447]" name="loginTest" duration-ms="4511" started-at="2020-09-02T09:28:54Z" finished-at="2020-09-02T09:28:59Z">
          <reporter-output>
          </reporter-output>
        </test-method> <!-- loginTest -->
      </class> <!-- com.qa.hubspot.test.LoginPageTest -->
      <class name="com.qa.hubspot.test.HomePageTest">
        <test-method status="PASS" signature="setUp()[pri:0, instance:com.qa.hubspot.test.HomePageTest@7a5d012c]" name="setUp" is-config="true" duration-ms="14459" started-at="2020-09-02T09:28:27Z" finished-at="2020-09-02T09:28:41Z">
          <reporter-output>
          </reporter-output>
        </test-method> <!-- setUp -->
        <test-method status="PASS" signature="setUp()[pri:0, instance:com.qa.hubspot.test.LoginPageTest@3fb6a447]" name="setUp" is-config="true" duration-ms="6436" started-at="2020-09-02T09:28:41Z" finished-at="2020-09-02T09:28:48Z">
          <reporter-output>
          </reporter-output>
        </test-method> <!-- setUp -->
        <test-method status="PASS" signature="verifyHomePageTitleTest()[pri:1, instance:com.qa.hubspot.test.HomePageTest@7a5d012c]" name="verifyHomePageTitleTest" duration-ms="23" started-at="2020-09-02T09:28:48Z" finished-at="2020-09-02T09:28:48Z">
          <reporter-output>
          </reporter-output>
        </test-method> <!-- verifyHomePageTitleTest -->
        <test-method status="PASS" signature="verifyHomePageHeaderTest()[pri:2, instance:com.qa.hubspot.test.HomePageTest@7a5d012c]" name="verifyHomePageHeaderTest" duration-ms="25" started-at="2020-09-02T09:28:54Z" finished-at="2020-09-02T09:28:54Z">
          <reporter-output>
          </reporter-output>
        </test-method> <!-- verifyHomePageHeaderTest -->
        <test-method status="PASS" signature="tearDown()[pri:0, instance:com.qa.hubspot.test.HomePageTest@7a5d012c]" name="tearDown" is-config="true" duration-ms="619" started-at="2020-09-02T09:28:59Z" finished-at="2020-09-02T09:28:59Z">
          <reporter-output>
          </reporter-output>
        </test-method> <!-- tearDown -->
        <test-method status="PASS" signature="tearDown()[pri:0, instance:com.qa.hubspot.test.LoginPageTest@3fb6a447]" name="tearDown" is-config="true" duration-ms="593" started-at="2020-09-02T09:28:59Z" finished-at="2020-09-02T09:29:00Z">
          <reporter-output>
          </reporter-output>
        </test-method> <!-- tearDown -->
      </class> <!-- com.qa.hubspot.test.HomePageTest -->
    </test> <!-- Command line test -->
  </suite> <!-- Command line suite -->
</testng-results>
