<?xml version="1.0" encoding="UTF-8"?>
<testng-results skipped="0" failed="0" ignored="1" total="6" passed="5">
  <reporter-output>
  </reporter-output>
  <suite name="Suite" duration-ms="30100" started-at="2020-09-15T10:29:54Z" finished-at="2020-09-15T10:30:24Z">
    <groups>
      <group name="sanity">
        <method signature="LoginPageTest.verifyLoginPageTitleTest()[pri:1, instance:com.qa.hubspot.test.LoginPageTest@37d31475]" name="verifyLoginPageTitleTest" class="com.qa.hubspot.test.LoginPageTest"/>
      </group> <!-- sanity -->
    </groups>
    <test name="Test" duration-ms="30100" started-at="2020-09-15T10:29:54Z" finished-at="2020-09-15T10:30:24Z">
      <class name="com.qa.hubspot.test.LoginPageTest">
        <test-method status="PASS" signature="verifyLoginPageTitleTest()[pri:1, instance:com.qa.hubspot.test.LoginPageTest@37d31475]" name="verifyLoginPageTitleTest" duration-ms="5614" started-at="2020-09-15T10:30:13Z" finished-at="2020-09-15T10:30:18Z">
          <reporter-output>
          </reporter-output>
        </test-method> <!-- verifyLoginPageTitleTest -->
        <test-method status="PASS" signature="signUpLinkTest()[pri:2, instance:com.qa.hubspot.test.LoginPageTest@37d31475]" name="signUpLinkTest" duration-ms="65" started-at="2020-09-15T10:30:18Z" finished-at="2020-09-15T10:30:19Z">
          <reporter-output>
          </reporter-output>
        </test-method> <!-- signUpLinkTest -->
        <test-method status="PASS" signature="loginTest()[pri:4, instance:com.qa.hubspot.test.LoginPageTest@37d31475]" name="loginTest" duration-ms="3810" started-at="2020-09-15T10:30:19Z" finished-at="2020-09-15T10:30:22Z">
          <reporter-output>
          </reporter-output>
        </test-method> <!-- loginTest -->
      </class> <!-- com.qa.hubspot.test.LoginPageTest -->
      <class name="com.qa.hubspot.test.HomePageTest">
        <test-method status="PASS" signature="setUp()[pri:0, instance:com.qa.hubspot.test.HomePageTest@27808f31]" name="setUp" is-config="true" duration-ms="12970" started-at="2020-09-15T10:29:54Z" finished-at="2020-09-15T10:30:06Z">
          <reporter-output>
          </reporter-output>
        </test-method> <!-- setUp -->
        <test-method status="PASS" signature="setUp()[pri:0, instance:com.qa.hubspot.test.LoginPageTest@37d31475]" name="setUp" is-config="true" duration-ms="6303" started-at="2020-09-15T10:30:06Z" finished-at="2020-09-15T10:30:13Z">
          <reporter-output>
          </reporter-output>
        </test-method> <!-- setUp -->
        <test-method status="PASS" signature="verifyHomePageTitleTest()[pri:1, instance:com.qa.hubspot.test.HomePageTest@27808f31]" name="verifyHomePageTitleTest" duration-ms="13" started-at="2020-09-15T10:30:18Z" finished-at="2020-09-15T10:30:18Z">
          <reporter-output>
          </reporter-output>
        </test-method> <!-- verifyHomePageTitleTest -->
        <test-method status="PASS" signature="verifyHomePageHeaderTest()[pri:2, instance:com.qa.hubspot.test.HomePageTest@27808f31]" name="verifyHomePageHeaderTest" duration-ms="28" started-at="2020-09-15T10:30:19Z" finished-at="2020-09-15T10:30:19Z">
          <reporter-output>
          </reporter-output>
        </test-method> <!-- verifyHomePageHeaderTest -->
        <test-method status="PASS" signature="tearDown()[pri:0, instance:com.qa.hubspot.test.HomePageTest@27808f31]" name="tearDown" is-config="true" duration-ms="647" started-at="2020-09-15T10:30:22Z" finished-at="2020-09-15T10:30:23Z">
          <reporter-output>
          </reporter-output>
        </test-method> <!-- tearDown -->
        <test-method status="PASS" signature="tearDown()[pri:0, instance:com.qa.hubspot.test.LoginPageTest@37d31475]" name="tearDown" is-config="true" duration-ms="625" started-at="2020-09-15T10:30:23Z" finished-at="2020-09-15T10:30:24Z">
          <reporter-output>
          </reporter-output>
        </test-method> <!-- tearDown -->
      </class> <!-- com.qa.hubspot.test.HomePageTest -->
    </test> <!-- Test -->
  </suite> <!-- Suite -->
</testng-results>
