<?xml version="1.0" encoding="UTF-8"?>
<testng-results skipped="0" failed="0" ignored="1" total="6" passed="5">
  <reporter-output>
  </reporter-output>
  <suite name="Suite" duration-ms="31598" started-at="2020-09-15T10:06:49Z" finished-at="2020-09-15T10:07:21Z">
    <groups>
      <group name="sanity">
        <method signature="LoginPageTest.verifyLoginPageTitleTest()[pri:1, instance:com.qa.hubspot.test.LoginPageTest@31f924f5]" name="verifyLoginPageTitleTest" class="com.qa.hubspot.test.LoginPageTest"/>
      </group> <!-- sanity -->
    </groups>
    <test name="Test" duration-ms="31598" started-at="2020-09-15T10:06:49Z" finished-at="2020-09-15T10:07:21Z">
      <class name="com.qa.hubspot.test.LoginPageTest">
        <test-method status="PASS" signature="verifyLoginPageTitleTest()[pri:1, instance:com.qa.hubspot.test.LoginPageTest@31f924f5]" name="verifyLoginPageTitleTest" duration-ms="6083" started-at="2020-09-15T10:07:10Z" finished-at="2020-09-15T10:07:16Z">
          <reporter-output>
          </reporter-output>
        </test-method> <!-- verifyLoginPageTitleTest -->
        <test-method status="PASS" signature="signUpLinkTest()[pri:2, instance:com.qa.hubspot.test.LoginPageTest@31f924f5]" name="signUpLinkTest" duration-ms="54" started-at="2020-09-15T10:07:16Z" finished-at="2020-09-15T10:07:16Z">
          <reporter-output>
          </reporter-output>
        </test-method> <!-- signUpLinkTest -->
        <test-method status="PASS" signature="loginTest()[pri:4, instance:com.qa.hubspot.test.LoginPageTest@31f924f5]" name="loginTest" duration-ms="3327" started-at="2020-09-15T10:07:16Z" finished-at="2020-09-15T10:07:20Z">
          <reporter-output>
          </reporter-output>
        </test-method> <!-- loginTest -->
      </class> <!-- com.qa.hubspot.test.LoginPageTest -->
      <class name="com.qa.hubspot.test.HomePageTest">
        <test-method status="PASS" signature="setUp()[pri:0, instance:com.qa.hubspot.test.HomePageTest@5579bb86]" name="setUp" is-config="true" duration-ms="14498" started-at="2020-09-15T10:06:49Z" finished-at="2020-09-15T10:07:04Z">
          <reporter-output>
          </reporter-output>
        </test-method> <!-- setUp -->
        <test-method status="PASS" signature="setUp()[pri:0, instance:com.qa.hubspot.test.LoginPageTest@31f924f5]" name="setUp" is-config="true" duration-ms="6256" started-at="2020-09-15T10:07:04Z" finished-at="2020-09-15T10:07:10Z">
          <reporter-output>
          </reporter-output>
        </test-method> <!-- setUp -->
        <test-method status="PASS" signature="verifyHomePageTitleTest()[pri:1, instance:com.qa.hubspot.test.HomePageTest@5579bb86]" name="verifyHomePageTitleTest" duration-ms="8" started-at="2020-09-15T10:07:16Z" finished-at="2020-09-15T10:07:16Z">
          <reporter-output>
          </reporter-output>
        </test-method> <!-- verifyHomePageTitleTest -->
        <test-method status="PASS" signature="verifyHomePageHeaderTest()[pri:2, instance:com.qa.hubspot.test.HomePageTest@5579bb86]" name="verifyHomePageHeaderTest" duration-ms="27" started-at="2020-09-15T10:07:16Z" finished-at="2020-09-15T10:07:16Z">
          <reporter-output>
          </reporter-output>
        </test-method> <!-- verifyHomePageHeaderTest -->
        <test-method status="PASS" signature="tearDown()[pri:0, instance:com.qa.hubspot.test.HomePageTest@5579bb86]" name="tearDown" is-config="true" duration-ms="695" started-at="2020-09-15T10:07:20Z" finished-at="2020-09-15T10:07:20Z">
          <reporter-output>
          </reporter-output>
        </test-method> <!-- tearDown -->
        <test-method status="PASS" signature="tearDown()[pri:0, instance:com.qa.hubspot.test.LoginPageTest@31f924f5]" name="tearDown" is-config="true" duration-ms="623" started-at="2020-09-15T10:07:20Z" finished-at="2020-09-15T10:07:21Z">
          <reporter-output>
          </reporter-output>
        </test-method> <!-- tearDown -->
      </class> <!-- com.qa.hubspot.test.HomePageTest -->
    </test> <!-- Test -->
  </suite> <!-- Suite -->
</testng-results>
